[2025-04-27 16:26:11,698: INFO: main: >>>>>> stage Data Ingestion stage started <<<<<<]
[2025-04-27 16:26:11,702: INFO: common: yaml file: config/config.yaml loaded successfully]
[2025-04-27 16:26:11,702: INFO: common: yaml file: params.yaml loaded successfully]
[2025-04-27 16:26:11,703: INFO: common: yaml file: schema.yaml loaded successfully]
[2025-04-27 16:26:11,703: INFO: common: created directory at: artifacts]
[2025-04-27 16:26:11,704: INFO: common: created directory at: artifacts/data_ingestion]
[2025-04-27 16:26:12,271: INFO: data_ingestion: artifacts/data_ingestion/data.zip download! with following info: 
Connection: close
Content-Length: 23329
Cache-Control: max-age=300
Content-Security-Policy: default-src 'none'; style-src 'unsafe-inline'; sandbox
Content-Type: application/zip
ETag: "c69888a4ae59bc5a893392785a938ccd4937981c06ba8a9d6a21aa52b4ab5b6e"
Strict-Transport-Security: max-age=31536000
X-Content-Type-Options: nosniff
X-Frame-Options: deny
X-XSS-Protection: 1; mode=block
X-GitHub-Request-Id: 37CE:93C1E:A9BDBB:BE6530:680E45CA
Accept-Ranges: bytes
Date: Sun, 27 Apr 2025 15:26:12 GMT
Via: 1.1 varnish
X-Served-By: cache-mad2200097-MAD
X-Cache: HIT
X-Cache-Hits: 0
X-Timer: S1745767572.301223,VS0,VE1
Vary: Authorization,Accept-Encoding,Origin
Access-Control-Allow-Origin: *
Cross-Origin-Resource-Policy: cross-origin
X-Fastly-Request-ID: ca4d5d8aaba92171a153dd2de73037f1eb9b9634
Expires: Sun, 27 Apr 2025 15:31:12 GMT
Source-Age: 104

]
[2025-04-27 16:26:12,274: INFO: main: >>>>>> stage Data Ingestion stage completed <<<<<<

x==========x]
[2025-04-27 16:26:12,274: INFO: main: welcome to our logging datascience]
